c:\users\zjl30\desktop\filescan_win\project1\x64\debug\vc143.pdb
c:\users\zjl30\desktop\filescan_win\project1\x64\debug\vc143.idb
c:\users\zjl30\desktop\filescan_win\project1\x64\debug\main.nativecodeanalysis.sarif
c:\users\zjl30\desktop\filescan_win\project1\x64\debug\main.nativecodeanalysis.xml
c:\users\zjl30\desktop\filescan_win\project1\x64\debug\scan_tree.nativecodeanalysis.sarif
c:\users\zjl30\desktop\filescan_win\project1\x64\debug\scan_tree.nativecodeanalysis.xml
c:\users\zjl30\desktop\filescan_win\project1\x64\debug\simulate.nativecodeanalysis.sarif
c:\users\zjl30\desktop\filescan_win\project1\x64\debug\simulate.nativecodeanalysis.xml
c:\users\zjl30\desktop\filescan_win\project1\x64\debug\sql.nativecodeanalysis.sarif
c:\users\zjl30\desktop\filescan_win\project1\x64\debug\sql.nativecodeanalysis.xml
c:\users\zjl30\desktop\filescan_win\project1\x64\debug\stack.nativecodeanalysis.sarif
c:\users\zjl30\desktop\filescan_win\project1\x64\debug\stack.nativecodeanalysis.xml
c:\users\zjl30\desktop\filescan_win\project1\x64\debug\stack.obj
c:\users\zjl30\desktop\filescan_win\project1\x64\debug\sql.obj
c:\users\zjl30\desktop\filescan_win\project1\x64\debug\simulate.obj
c:\users\zjl30\desktop\filescan_win\project1\x64\debug\scan_tree.obj
c:\users\zjl30\desktop\filescan_win\project1\x64\debug\main.obj
c:\users\zjl30\desktop\filescan_win\project1\x64\debug\filescan_win.ilk
c:\users\zjl30\desktop\filescan_win\project1\x64\debug\filescan_win.exe
c:\users\zjl30\desktop\filescan_win\project1\x64\debug\filescan_win.pdb
c:\users\zjl30\desktop\filescan_win\project1\x64\debug\vc.nativecodeanalysis.all.xml
c:\users\zjl30\desktop\filescan_win\project1\x64\debug\filescan_win.tlog\cl.command.1.tlog
c:\users\zjl30\desktop\filescan_win\project1\x64\debug\filescan_win.tlog\cl.items.tlog
c:\users\zjl30\desktop\filescan_win\project1\x64\debug\filescan_win.tlog\cl.read.1.tlog
c:\users\zjl30\desktop\filescan_win\project1\x64\debug\filescan_win.tlog\cl.write.1.tlog
c:\users\zjl30\desktop\filescan_win\project1\x64\debug\filescan_win.tlog\link.command.1.tlog
c:\users\zjl30\desktop\filescan_win\project1\x64\debug\filescan_win.tlog\link.read.1.tlog
c:\users\zjl30\desktop\filescan_win\project1\x64\debug\filescan_win.tlog\link.write.1.tlog
